[2011-06-08 20:20:28][ERROR][com.frameworkset.util.VelocityUtil] Init velocity failed:velocity.properties (系统找不到指定的文件。) 检查classpath中是否配置正确
java.io.FileNotFoundException: D:\workspace\bbossgroups-3.2\bestpractice\WEB-INF\classes\velocity.properties (系统找不到指定的路径。)
	at java.io.FileInputStream.open(Native Method)
	at java.io.FileInputStream.<init>(FileInputStream.java:106)
	at com.frameworkset.util.VelocityUtil.init(VelocityUtil.java:150)
	at com.frameworkset.util.VelocityUtil.evaluate(VelocityUtil.java:214)
	at com.frameworkset.common.poolman.SQLParams.evaluateSqlTemplate(SQLParams.java:135)
	at com.frameworkset.common.poolman.SQLParams.buildParams(SQLParams.java:181)
	at com.frameworkset.common.poolman.PreparedDBUtil.preparedSelect(PreparedDBUtil.java:2543)
	at com.frameworkset.common.poolman.SQLExecutor.queryFieldBeanWithDBName(SQLExecutor.java:956)
	at com.frameworkset.common.poolman.ConfigSQLExecutor.queryFieldBeanWithDBName(ConfigSQLExecutor.java:424)
	at com.frameworkset.common.poolman.ConfigSQLExecutor.queryFieldBean(ConfigSQLExecutor.java:417)
	at com.frameworkset.sqlexecutor.ConfigSQLExecutorTest.queryField(ConfigSQLExecutorTest.java:60)
	at sun.reflect.NativeMethodAccessorImpl.invoke0(Native Method)
	at sun.reflect.NativeMethodAccessorImpl.invoke(NativeMethodAccessorImpl.java:39)
	at sun.reflect.DelegatingMethodAccessorImpl.invoke(DelegatingMethodAccessorImpl.java:25)
	at java.lang.reflect.Method.invoke(Method.java:585)
	at org.junit.runners.model.FrameworkMethod$1.runReflectiveCall(FrameworkMethod.java:44)
	at org.junit.internal.runners.model.ReflectiveCallable.run(ReflectiveCallable.java:15)
	at org.junit.runners.model.FrameworkMethod.invokeExplosively(FrameworkMethod.java:41)
	at org.junit.internal.runners.statements.InvokeMethod.evaluate(InvokeMethod.java:20)
	at org.junit.internal.runners.statements.RunBefores.evaluate(RunBefores.java:28)
	at org.junit.internal.runners.statements.RunAfters.evaluate(RunAfters.java:31)
	at org.junit.runners.BlockJUnit4ClassRunner.runChild(BlockJUnit4ClassRunner.java:73)
	at org.junit.runners.BlockJUnit4ClassRunner.runChild(BlockJUnit4ClassRunner.java:46)
	at org.junit.runners.ParentRunner.runChildren(ParentRunner.java:180)
	at org.junit.runners.ParentRunner.access$000(ParentRunner.java:41)
	at org.junit.runners.ParentRunner$1.evaluate(ParentRunner.java:173)
	at org.junit.internal.runners.statements.RunBefores.evaluate(RunBefores.java:28)
	at org.junit.internal.runners.statements.RunAfters.evaluate(RunAfters.java:31)
	at org.junit.runners.ParentRunner.run(ParentRunner.java:220)
	at org.eclipse.jdt.internal.junit4.runner.JUnit4TestReference.run(JUnit4TestReference.java:46)
	at org.eclipse.jdt.internal.junit.runner.TestExecution.run(TestExecution.java:38)
	at org.eclipse.jdt.internal.junit.runner.RemoteTestRunner.runTests(RemoteTestRunner.java:467)
	at org.eclipse.jdt.internal.junit.runner.RemoteTestRunner.runTests(RemoteTestRunner.java:683)
	at org.eclipse.jdt.internal.junit.runner.RemoteTestRunner.run(RemoteTestRunner.java:390)
	at org.eclipse.jdt.internal.junit.runner.RemoteTestRunner.main(RemoteTestRunner.java:197)
[2011-06-08 20:22:15][ERROR][com.frameworkset.util.VelocityUtil] Init velocity failed:velocity.properties (系统找不到指定的文件。) 检查classpath中是否配置正确
java.io.FileNotFoundException: D:\workspace\bbossgroups-3.2\bestpractice\WEB-INF\classes\velocity.properties (系统找不到指定的路径。)
	at java.io.FileInputStream.open(Native Method)
	at java.io.FileInputStream.<init>(FileInputStream.java:106)
	at com.frameworkset.util.VelocityUtil.init(VelocityUtil.java:150)
	at com.frameworkset.util.VelocityUtil.evaluate(VelocityUtil.java:214)
	at com.frameworkset.common.poolman.SQLParams.evaluateSqlTemplate(SQLParams.java:135)
	at com.frameworkset.common.poolman.SQLParams.buildParams(SQLParams.java:181)
	at com.frameworkset.common.poolman.PreparedDBUtil.preparedSelect(PreparedDBUtil.java:2543)
	at com.frameworkset.common.poolman.SQLExecutor.queryFieldBeanWithDBName(SQLExecutor.java:956)
	at com.frameworkset.common.poolman.ConfigSQLExecutor.queryFieldBeanWithDBName(ConfigSQLExecutor.java:424)
	at com.frameworkset.common.poolman.ConfigSQLExecutor.queryFieldBean(ConfigSQLExecutor.java:417)
	at com.frameworkset.sqlexecutor.ConfigSQLExecutorTest.queryField(ConfigSQLExecutorTest.java:60)
	at sun.reflect.NativeMethodAccessorImpl.invoke0(Native Method)
	at sun.reflect.NativeMethodAccessorImpl.invoke(NativeMethodAccessorImpl.java:39)
	at sun.reflect.DelegatingMethodAccessorImpl.invoke(DelegatingMethodAccessorImpl.java:25)
	at java.lang.reflect.Method.invoke(Method.java:585)
	at org.junit.runners.model.FrameworkMethod$1.runReflectiveCall(FrameworkMethod.java:44)
	at org.junit.internal.runners.model.ReflectiveCallable.run(ReflectiveCallable.java:15)
	at org.junit.runners.model.FrameworkMethod.invokeExplosively(FrameworkMethod.java:41)
	at org.junit.internal.runners.statements.InvokeMethod.evaluate(InvokeMethod.java:20)
	at org.junit.internal.runners.statements.RunBefores.evaluate(RunBefores.java:28)
	at org.junit.internal.runners.statements.RunAfters.evaluate(RunAfters.java:31)
	at org.junit.runners.BlockJUnit4ClassRunner.runChild(BlockJUnit4ClassRunner.java:73)
	at org.junit.runners.BlockJUnit4ClassRunner.runChild(BlockJUnit4ClassRunner.java:46)
	at org.junit.runners.ParentRunner.runChildren(ParentRunner.java:180)
	at org.junit.runners.ParentRunner.access$000(ParentRunner.java:41)
	at org.junit.runners.ParentRunner$1.evaluate(ParentRunner.java:173)
	at org.junit.internal.runners.statements.RunBefores.evaluate(RunBefores.java:28)
	at org.junit.internal.runners.statements.RunAfters.evaluate(RunAfters.java:31)
	at org.junit.runners.ParentRunner.run(ParentRunner.java:220)
	at org.eclipse.jdt.internal.junit4.runner.JUnit4TestReference.run(JUnit4TestReference.java:46)
	at org.eclipse.jdt.internal.junit.runner.TestExecution.run(TestExecution.java:38)
	at org.eclipse.jdt.internal.junit.runner.RemoteTestRunner.runTests(RemoteTestRunner.java:467)
	at org.eclipse.jdt.internal.junit.runner.RemoteTestRunner.runTests(RemoteTestRunner.java:683)
	at org.eclipse.jdt.internal.junit.runner.RemoteTestRunner.run(RemoteTestRunner.java:390)
	at org.eclipse.jdt.internal.junit.runner.RemoteTestRunner.main(RemoteTestRunner.java:197)
